{"total": {"lines":{"total":398,"covered":398,"skipped":0,"pct":100},"statements":{"total":398,"covered":398,"skipped":0,"pct":100},"functions":{"total":25,"covered":25,"skipped":0,"pct":100},"branches":{"total":65,"covered":61,"skipped":0,"pct":93.84},"branchesTrue":{"total":0,"covered":0,"skipped":0,"pct":"Unknown"}}
,"/home/vahid/WorkSpace/github/naming-conventions-modeler/src/index.ts": {"lines":{"total":2,"covered":2,"skipped":0,"pct":100},"functions":{"total":0,"covered":0,"skipped":0,"pct":100},"statements":{"total":2,"covered":2,"skipped":0,"pct":100},"branches":{"total":0,"covered":0,"skipped":0,"pct":100}}
,"/home/vahid/WorkSpace/github/naming-conventions-modeler/src/modeler.ts": {"lines":{"total":139,"covered":139,"skipped":0,"pct":100},"functions":{"total":8,"covered":8,"skipped":0,"pct":100},"statements":{"total":139,"covered":139,"skipped":0,"pct":100},"branches":{"total":33,"covered":29,"skipped":0,"pct":87.87}}
,"/home/vahid/WorkSpace/github/naming-conventions-modeler/src/tools.ts": {"lines":{"total":257,"covered":257,"skipped":0,"pct":100},"functions":{"total":17,"covered":17,"skipped":0,"pct":100},"statements":{"total":257,"covered":257,"skipped":0,"pct":100},"branches":{"total":32,"covered":32,"skipped":0,"pct":100}}
}
