{"total": {"lines":{"total":173,"covered":169,"skipped":0,"pct":97.68},"statements":{"total":173,"covered":169,"skipped":0,"pct":97.68},"functions":{"total":20,"covered":19,"skipped":0,"pct":95},"branches":{"total":47,"covered":44,"skipped":0,"pct":93.61},"branchesTrue":{"total":0,"covered":0,"skipped":0,"pct":"Unknown"}}
,"/home/vahid/WorkSpace/naming-conventions-modeler/src/index.ts": {"lines":{"total":2,"covered":2,"skipped":0,"pct":100},"functions":{"total":0,"covered":0,"skipped":0,"pct":100},"statements":{"total":2,"covered":2,"skipped":0,"pct":100},"branches":{"total":0,"covered":0,"skipped":0,"pct":100}}
,"/home/vahid/WorkSpace/naming-conventions-modeler/src/modeler.ts": {"lines":{"total":73,"covered":70,"skipped":0,"pct":95.89},"functions":{"total":7,"covered":6,"skipped":0,"pct":85.71},"statements":{"total":73,"covered":70,"skipped":0,"pct":95.89},"branches":{"total":22,"covered":20,"skipped":0,"pct":90.9}}
,"/home/vahid/WorkSpace/naming-conventions-modeler/src/tools.ts": {"lines":{"total":98,"covered":97,"skipped":0,"pct":98.97},"functions":{"total":13,"covered":13,"skipped":0,"pct":100},"statements":{"total":98,"covered":97,"skipped":0,"pct":98.97},"branches":{"total":25,"covered":24,"skipped":0,"pct":96}}
}
