TN:
SF:src/index.ts
FNF:0
FNH:0
DA:1,1
DA:2,1
DA:3,1
DA:4,1
DA:5,1
DA:6,1
DA:7,1
DA:8,1
DA:9,1
DA:10,1
DA:11,1
DA:12,1
DA:13,1
DA:14,1
DA:15,1
DA:16,1
DA:17,1
DA:18,1
DA:19,1
DA:20,1
DA:21,1
DA:22,1
DA:23,1
DA:24,1
DA:25,1
DA:26,1
DA:27,1
DA:28,1
DA:29,1
DA:30,1
DA:31,1
DA:32,1
DA:33,1
DA:34,1
DA:35,1
DA:36,1
DA:37,1
DA:38,1
DA:39,1
DA:40,1
DA:41,1
DA:42,1
DA:43,1
DA:44,1
DA:45,1
DA:46,1
DA:47,1
DA:48,1
DA:49,1
DA:50,1
DA:51,1
DA:52,1
DA:53,1
DA:54,1
DA:55,1
DA:56,1
DA:57,1
DA:58,1
DA:59,1
DA:60,1
DA:61,1
DA:62,1
DA:63,1
DA:64,1
DA:65,1
DA:66,1
DA:67,1
DA:68,1
DA:69,1
DA:70,1
DA:71,1
DA:72,1
DA:73,1
DA:74,1
DA:75,1
DA:76,1
DA:77,1
LF:77
LH:77
BRF:0
BRH:0
end_of_record
TN:
SF:src/modeler.ts
FN:34,find
FN:67,nested
FN:83,build
FN:85,set
FN:91,get
FN:115,lookup
FN:131,build
FN:141,convert
FNF:8
FNH:8
FNDA:78,find
FNDA:27,nested
FNDA:19,build
FNDA:7,set
FNDA:78,get
FNDA:3,lookup
FNDA:4,build
FNDA:3,convert
DA:1,1
DA:2,1
DA:3,1
DA:4,1
DA:5,1
DA:6,1
DA:7,1
DA:8,1
DA:9,1
DA:10,1
DA:11,1
DA:12,1
DA:13,1
DA:14,1
DA:15,1
DA:16,1
DA:17,1
DA:18,1
DA:19,1
DA:20,1
DA:21,1
DA:22,1
DA:23,1
DA:24,1
DA:25,1
DA:26,1
DA:27,1
DA:28,1
DA:29,1
DA:30,1
DA:31,1
DA:32,1
DA:33,1
DA:34,1
DA:35,78
DA:36,78
DA:37,78
DA:38,78
DA:39,78
DA:40,17
DA:41,17
DA:42,17
DA:43,17
DA:44,17
DA:45,17
DA:46,17
DA:47,17
DA:48,17
DA:49,17
DA:50,78
DA:51,100
DA:52,100
DA:53,100
DA:54,11
DA:55,11
DA:56,11
DA:57,1
DA:58,1
DA:59,1
DA:60,1
DA:61,1
DA:62,1
DA:63,1
DA:64,1
DA:65,1
DA:66,1
DA:67,1
DA:68,27
DA:69,27
DA:70,19
DA:71,27
DA:72,27
DA:73,1
DA:74,1
DA:75,1
DA:76,1
DA:77,1
DA:78,1
DA:79,1
DA:80,1
DA:81,1
DA:82,1
DA:83,1
DA:84,19
DA:85,19
DA:86,7
DA:87,7
DA:88,7
DA:89,19
DA:90,19
DA:91,19
DA:92,78
DA:93,78
DA:94,78
DA:95,20
DA:96,20
DA:97,20
DA:98,78
DA:99,78
DA:100,15
DA:101,78
DA:102,19
DA:103,19
DA:104,19
DA:105,1
DA:106,1
DA:107,1
DA:108,1
DA:109,1
DA:110,1
DA:111,1
DA:112,1
DA:113,1
DA:114,1
DA:115,1
DA:116,3
DA:117,3
DA:118,3
DA:119,3
DA:120,1
DA:121,1
DA:122,1
DA:123,1
DA:124,1
DA:125,1
DA:126,1
DA:127,1
DA:128,1
DA:129,1
DA:130,1
DA:131,1
DA:132,4
DA:133,4
DA:134,4
DA:135,1
DA:136,1
DA:137,1
DA:138,1
DA:139,1
DA:140,1
DA:141,1
DA:142,3
DA:143,3
DA:144,3
DA:145,1
LF:145
LH:145
BRDA:34,0,0,78
BRDA:38,1,0,2
BRDA:39,2,0,76
BRDA:39,3,0,21
BRDA:39,4,0,59
BRDA:39,5,0,55
BRDA:39,6,0,4
BRDA:40,7,0,17
BRDA:50,8,0,100
BRDA:51,9,0,6
BRDA:51,10,0,94
BRDA:52,11,0,6
BRDA:54,12,0,11
BRDA:67,13,0,27
BRDA:69,14,0,8
BRDA:70,15,0,19
BRDA:71,16,0,0
BRDA:69,17,0,8
BRDA:83,18,0,19
BRDA:85,19,0,7
BRDA:86,20,0,0
BRDA:91,21,0,78
BRDA:94,22,0,76
BRDA:94,23,0,65
BRDA:94,24,0,20
BRDA:99,25,0,15
BRDA:101,26,0,63
BRDA:115,27,0,3
BRDA:117,28,0,4
BRDA:131,29,0,4
BRDA:141,30,0,3
BRF:31
BRH:29
end_of_record
TN:
SF:src/tools.ts
FN:22,convention
FN:76,toNoCase
FN:91,isNoCase
FN:104,toSnakeCase
FN:115,isSnakeCase
FN:128,toCamelCase
FN:142,isCamelCase
FN:153,toPascalCase
FN:164,isPascalCase
FN:175,toMacroCase
FN:186,isMacroCase
FN:197,toKebabCase
FN:208,isKebabCase
FN:219,toTrainCase
FN:233,isTrainCase
FN:244,toFlatCase
FN:255,isFlatCase
FNF:17
FNH:17
FNDA:13,convention
FNDA:626,toNoCase
FNDA:15,isNoCase
FNDA:79,toSnakeCase
FNDA:15,isSnakeCase
FNDA:165,toCamelCase
FNDA:80,isCamelCase
FNDA:67,toPascalCase
FNDA:15,isPascalCase
FNDA:63,toMacroCase
FNDA:15,isMacroCase
FNDA:63,toKebabCase
FNDA:15,isKebabCase
FNDA:63,toTrainCase
FNDA:15,isTrainCase
FNDA:63,toFlatCase
FNDA:15,isFlatCase
DA:1,1
DA:2,1
DA:3,1
DA:4,1
DA:5,1
DA:6,1
DA:7,1
DA:8,1
DA:9,1
DA:10,1
DA:11,1
DA:12,1
DA:13,1
DA:14,1
DA:15,1
DA:16,1
DA:17,1
DA:18,1
DA:19,1
DA:20,1
DA:21,1
DA:22,13
DA:23,13
DA:24,13
DA:25,13
DA:26,13
DA:27,13
DA:28,1
DA:29,1
DA:30,1
DA:31,13
DA:32,5
DA:33,5
DA:34,5
DA:35,13
DA:36,1
DA:37,1
DA:38,1
DA:39,13
DA:40,1
DA:41,1
DA:42,1
DA:43,13
DA:44,1
DA:45,1
DA:46,1
DA:47,13
DA:48,1
DA:49,1
DA:50,1
DA:51,13
DA:52,1
DA:53,1
DA:54,1
DA:55,13
DA:56,1
DA:57,1
DA:58,1
DA:59,13
DA:60,13
DA:61,1
DA:62,13
DA:63,12
DA:64,12
DA:65,12
DA:66,1
DA:67,1
DA:68,1
DA:69,1
DA:70,1
DA:71,1
DA:72,1
DA:73,1
DA:74,1
DA:75,1
DA:76,626
DA:77,626
DA:78,626
DA:79,626
DA:80,626
DA:81,626
DA:82,626
DA:83,1
DA:84,1
DA:85,1
DA:86,1
DA:87,1
DA:88,1
DA:89,1
DA:90,1
DA:91,15
DA:92,15
DA:93,15
DA:94,1
DA:95,1
DA:96,1
DA:97,1
DA:98,1
DA:99,1
DA:100,1
DA:101,1
DA:102,1
DA:103,1
DA:104,79
DA:105,79
DA:106,79
DA:107,1
DA:108,1
DA:109,1
DA:110,1
DA:111,1
DA:112,1
DA:113,1
DA:114,1
DA:115,15
DA:116,15
DA:117,15
DA:118,1
DA:119,1
DA:120,1
DA:121,1
DA:122,1
DA:123,1
DA:124,1
DA:125,1
DA:126,1
DA:127,1
DA:128,165
DA:129,165
DA:130,165
DA:131,165
DA:132,165
DA:133,165
DA:134,1
DA:135,1
DA:136,1
DA:137,1
DA:138,1
DA:139,1
DA:140,1
DA:141,1
DA:142,80
DA:143,80
DA:144,80
DA:145,1
DA:146,1
DA:147,1
DA:148,1
DA:149,1
DA:150,1
DA:151,1
DA:152,1
DA:153,67
DA:154,67
DA:155,67
DA:156,1
DA:157,1
DA:158,1
DA:159,1
DA:160,1
DA:161,1
DA:162,1
DA:163,1
DA:164,15
DA:165,15
DA:166,15
DA:167,1
DA:168,1
DA:169,1
DA:170,1
DA:171,1
DA:172,1
DA:173,1
DA:174,1
DA:175,63
DA:176,63
DA:177,63
DA:178,1
DA:179,1
DA:180,1
DA:181,1
DA:182,1
DA:183,1
DA:184,1
DA:185,1
DA:186,15
DA:187,15
DA:188,15
DA:189,1
DA:190,1
DA:191,1
DA:192,1
DA:193,1
DA:194,1
DA:195,1
DA:196,1
DA:197,63
DA:198,63
DA:199,63
DA:200,1
DA:201,1
DA:202,1
DA:203,1
DA:204,1
DA:205,1
DA:206,1
DA:207,1
DA:208,15
DA:209,15
DA:210,15
DA:211,1
DA:212,1
DA:213,1
DA:214,1
DA:215,1
DA:216,1
DA:217,1
DA:218,1
DA:219,63
DA:220,63
DA:221,63
DA:222,63
DA:223,63
DA:224,63
DA:225,1
DA:226,1
DA:227,1
DA:228,1
DA:229,1
DA:230,1
DA:231,1
DA:232,1
DA:233,15
DA:234,15
DA:235,15
DA:236,1
DA:237,1
DA:238,1
DA:239,1
DA:240,1
DA:241,1
DA:242,1
DA:243,1
DA:244,63
DA:245,63
DA:246,63
DA:247,1
DA:248,1
DA:249,1
DA:250,1
DA:251,1
DA:252,1
DA:253,1
DA:254,1
DA:255,15
DA:256,15
DA:257,15
LF:257
LH:257
BRDA:22,0,0,13
BRDA:27,1,0,1
BRDA:31,2,0,5
BRDA:35,3,0,1
BRDA:39,4,0,1
BRDA:43,5,0,1
BRDA:47,6,0,1
BRDA:51,7,0,1
BRDA:55,8,0,1
BRDA:60,9,0,1
BRDA:63,10,0,12
BRDA:76,11,0,626
BRDA:78,12,0,242
BRDA:79,13,0,290
BRDA:91,14,0,15
BRDA:104,15,0,79
BRDA:115,16,0,15
BRDA:128,17,0,165
BRDA:131,18,0,101
BRDA:142,19,0,80
BRDA:153,20,0,67
BRDA:154,21,0,42
BRDA:164,22,0,15
BRDA:175,23,0,63
BRDA:186,24,0,15
BRDA:197,25,0,63
BRDA:208,26,0,15
BRDA:219,27,0,63
BRDA:221,28,0,38
BRDA:233,29,0,15
BRDA:244,30,0,63
BRDA:255,31,0,15
BRF:32
BRH:32
end_of_record
