TN:
SF:src/index.ts
FNF:0
FNH:0
DA:1,1
DA:2,1
LF:2
LH:2
BRF:0
BRH:0
end_of_record
TN:
SF:src/modeler.ts
FN:20,find
FN:35,nested
FN:42,build
FN:45,set
FN:51,get
FN:67,build
FN:71,convert
FNF:7
FNH:7
FNDA:32,find
FNDA:13,nested
FNDA:9,build
FNDA:3,set
FNDA:32,get
FNDA:2,build
FNDA:1,convert
DA:1,1
DA:2,1
DA:3,1
DA:4,1
DA:5,1
DA:6,1
DA:7,1
DA:8,1
DA:9,1
DA:10,1
DA:11,1
DA:12,1
DA:13,1
DA:14,1
DA:15,1
DA:16,1
DA:17,1
DA:18,1
DA:19,1
DA:20,1
DA:21,32
DA:22,32
DA:23,32
DA:24,32
DA:25,32
DA:26,5
DA:27,32
DA:28,30
DA:29,30
DA:30,30
DA:31,5
DA:32,5
DA:33,5
DA:34,1
DA:35,1
DA:36,13
DA:37,13
DA:38,9
DA:39,13
DA:40,13
DA:41,1
DA:42,1
DA:43,9
DA:44,9
DA:45,9
DA:46,3
DA:47,3
DA:48,3
DA:49,9
DA:50,9
DA:51,9
DA:52,32
DA:53,32
DA:54,32
DA:55,6
DA:56,6
DA:57,6
DA:58,32
DA:59,32
DA:60,7
DA:61,32
DA:62,9
DA:63,9
DA:64,9
DA:65,1
DA:66,1
DA:67,1
DA:68,2
DA:69,2
DA:70,1
DA:71,1
DA:72,1
DA:73,1
DA:74,1
LF:74
LH:74
BRDA:20,0,0,32
BRDA:24,1,0,2
BRDA:25,2,0,30
BRDA:25,3,0,25
BRDA:26,4,0,5
BRDA:27,5,0,30
BRDA:29,6,0,0
BRDA:31,7,0,5
BRDA:35,8,0,13
BRDA:37,9,0,4
BRDA:38,10,0,9
BRDA:39,11,0,0
BRDA:37,12,0,4
BRDA:42,13,0,9
BRDA:45,14,0,3
BRDA:46,15,0,0
BRDA:51,16,0,32
BRDA:54,17,0,30
BRDA:54,18,0,25
BRDA:54,19,0,6
BRDA:59,20,0,7
BRDA:61,21,0,25
BRDA:67,22,0,2
BRDA:71,23,0,1
BRF:24
BRH:21
end_of_record
TN:
SF:src/tools.ts
FN:3,convention
FN:43,toNoCase
FN:52,isNoCase
FN:56,toSnakeCase
FN:60,isSnakeCase
FN:64,toCamelCase
FN:70,isCamelCase
FN:74,toPascalCase
FN:78,isPascalCase
FN:82,toMacroCase
FN:88,isMacroCase
FN:92,toKebabCase
FN:96,isKebabCase
FNF:13
FNH:13
FNDA:15,convention
FNDA:262,toNoCase
FNDA:14,isNoCase
FNDA:38,toSnakeCase
FNDA:14,isSnakeCase
FNDA:72,toCamelCase
FNDA:39,isCamelCase
FNDA:38,toPascalCase
FNDA:14,isPascalCase
FNDA:38,toMacroCase
FNDA:14,isMacroCase
FNDA:38,toKebabCase
FNDA:14,isKebabCase
DA:1,1
DA:2,1
DA:3,15
DA:4,15
DA:5,15
DA:6,15
DA:7,15
DA:8,15
DA:9,15
DA:10,15
DA:11,15
DA:12,1
DA:13,1
DA:14,1
DA:15,15
DA:16,10
DA:17,10
DA:18,10
DA:19,15
DA:20,1
DA:21,1
DA:22,1
DA:23,15
DA:24,1
DA:25,1
DA:26,1
DA:27,15
DA:28,1
DA:29,1
DA:30,1
DA:31,15
DA:32,1
DA:33,1
DA:34,1
DA:35,15
DA:36,15
DA:37,0
DA:38,15
DA:39,15
DA:40,15
DA:41,15
DA:42,1
DA:43,262
DA:44,262
DA:45,262
DA:46,262
DA:47,262
DA:48,262
DA:49,262
DA:50,262
DA:51,1
DA:52,14
DA:53,14
DA:54,14
DA:55,1
DA:56,38
DA:57,38
DA:58,38
DA:59,1
DA:60,14
DA:61,14
DA:62,14
DA:63,1
DA:64,72
DA:65,72
DA:66,72
DA:67,72
DA:68,72
DA:69,1
DA:70,39
DA:71,39
DA:72,39
DA:73,1
DA:74,38
DA:75,38
DA:76,38
DA:77,1
DA:78,14
DA:79,14
DA:80,14
DA:81,1
DA:82,38
DA:83,38
DA:84,38
DA:85,38
DA:86,38
DA:87,1
DA:88,14
DA:89,14
DA:90,14
DA:91,1
DA:92,38
DA:93,38
DA:94,38
DA:95,1
DA:96,14
DA:97,14
DA:98,14
LF:98
LH:97
BRDA:3,0,0,15
BRDA:11,1,0,1
BRDA:15,2,0,10
BRDA:19,3,0,1
BRDA:23,4,0,1
BRDA:27,5,0,1
BRDA:31,6,0,1
BRDA:36,7,0,0
BRDA:43,8,0,262
BRDA:45,9,0,102
BRDA:46,10,0,80
BRDA:52,11,0,14
BRDA:56,12,0,38
BRDA:60,13,0,14
BRDA:64,14,0,72
BRDA:66,15,0,36
BRDA:70,16,0,39
BRDA:74,17,0,38
BRDA:75,18,0,54
BRDA:78,19,0,14
BRDA:82,20,0,38
BRDA:84,21,0,54
BRDA:88,22,0,14
BRDA:92,23,0,38
BRDA:96,24,0,14
BRF:25
BRH:24
end_of_record
